mode: atomic
github.com/InVisionApp/go-health/health.go:118.34,120.2 1 750
github.com/InVisionApp/go-health/health.go:137.20,146.2 1 24
github.com/InVisionApp/go-health/health.go:149.35,151.2 1 1
github.com/InVisionApp/go-health/health.go:155.50,156.20 1 17
github.com/InVisionApp/go-health/health.go:160.2,162.12 2 16
github.com/InVisionApp/go-health/health.go:156.20,158.3 1 1
github.com/InVisionApp/go-health/health.go:167.46,168.20 1 4
github.com/InVisionApp/go-health/health.go:172.2,173.12 2 3
github.com/InVisionApp/go-health/health.go:168.20,170.3 1 1
github.com/InVisionApp/go-health/health.go:178.32,179.20 1 16
github.com/InVisionApp/go-health/health.go:184.2,184.24 1 15
github.com/InVisionApp/go-health/health.go:188.2,188.30 1 14
github.com/InVisionApp/go-health/health.go:199.2,201.12 2 14
github.com/InVisionApp/go-health/health.go:179.20,181.3 1 1
github.com/InVisionApp/go-health/health.go:184.24,186.3 1 1
github.com/InVisionApp/go-health/health.go:188.30,196.3 5 21
github.com/InVisionApp/go-health/health.go:206.31,207.21 1 2
github.com/InVisionApp/go-health/health.go:211.2,211.36 1 1
github.com/InVisionApp/go-health/health.go:217.2,222.12 3 1
github.com/InVisionApp/go-health/health.go:207.21,209.3 1 1
github.com/InVisionApp/go-health/health.go:211.36,214.3 2 2
github.com/InVisionApp/go-health/health.go:233.58,235.2 1 5
github.com/InVisionApp/go-health/health.go:239.32,240.40 1 10
github.com/InVisionApp/go-health/health.go:245.2,245.14 1 6
github.com/InVisionApp/go-health/health.go:240.40,241.35 1 16
github.com/InVisionApp/go-health/health.go:241.35,243.4 1 4
github.com/InVisionApp/go-health/health.go:248.86,251.22 1 21
github.com/InVisionApp/go-health/health.go:280.2,280.12 1 21
github.com/InVisionApp/go-health/health.go:251.22,262.17 3 370
github.com/InVisionApp/go-health/health.go:273.3,275.28 2 370
github.com/InVisionApp/go-health/health.go:262.17,271.4 3 105
github.com/InVisionApp/go-health/health.go:275.28,277.4 1 25
github.com/InVisionApp/go-health/health.go:280.12,288.7 3 21
github.com/InVisionApp/go-health/health.go:297.3,297.77 1 2
github.com/InVisionApp/go-health/health.go:288.7,289.11 1 370
github.com/InVisionApp/go-health/health.go:290.20,291.16 1 349
github.com/InVisionApp/go-health/health.go:292.16,293.18 1 2
github.com/InVisionApp/go-health/health.go:302.36,306.2 3 1
github.com/InVisionApp/go-health/health.go:309.53,318.2 4 370
github.com/InVisionApp/go-health/health.go:321.51,328.29 4 15
github.com/InVisionApp/go-health/health.go:332.2,332.19 1 15
github.com/InVisionApp/go-health/health.go:328.29,330.3 1 25
github.com/InVisionApp/go-health/health.go:336.58,343.28 4 370
github.com/InVisionApp/go-health/health.go:343.28,344.29 1 105
github.com/InVisionApp/go-health/health.go:355.3,355.67 1 105
github.com/InVisionApp/go-health/health.go:344.29,346.31 1 8
github.com/InVisionApp/go-health/health.go:350.4,350.46 1 8
github.com/InVisionApp/go-health/health.go:346.31,348.5 1 3
github.com/InVisionApp/go-health/health.go:351.9,354.4 1 97
github.com/InVisionApp/go-health/health.go:356.8,356.34 1 265
github.com/InVisionApp/go-health/health.go:356.34,360.30 2 3
github.com/InVisionApp/go-health/health.go:360.30,362.4 1 2
github.com/InVisionApp/go-health/safe.go:14.23,16.2 1 25
github.com/InVisionApp/go-health/safe.go:18.29,22.2 3 0
github.com/InVisionApp/go-health/safe.go:24.28,28.2 3 2
github.com/InVisionApp/go-health/safe.go:30.27,34.2 3 18
github.com/InVisionApp/go-health/safe.go:36.28,40.2 3 44
github.com/InVisionApp/go-health/safe.go:42.33,43.13 1 2
github.com/InVisionApp/go-health/safe.go:47.2,47.16 1 1
github.com/InVisionApp/go-health/safe.go:43.13,45.3 1 1
github.com/InVisionApp/go-health/checkers/reachable.go:65.75,67.22 2 5
github.com/InVisionApp/go-health/checkers/reachable.go:70.2,71.23 2 5
github.com/InVisionApp/go-health/checkers/reachable.go:74.2,75.23 2 5
github.com/InVisionApp/go-health/checkers/reachable.go:78.2,86.15 2 5
github.com/InVisionApp/go-health/checkers/reachable.go:67.22,69.3 1 1
github.com/InVisionApp/go-health/checkers/reachable.go:71.23,73.3 1 5
github.com/InVisionApp/go-health/checkers/reachable.go:75.23,77.3 1 1
github.com/InVisionApp/go-health/checkers/reachable.go:90.58,94.20 2 5
github.com/InVisionApp/go-health/checkers/reachable.go:98.2,99.16 2 5
github.com/InVisionApp/go-health/checkers/reachable.go:102.2,102.17 1 3
github.com/InVisionApp/go-health/checkers/reachable.go:107.2,107.17 1 2
github.com/InVisionApp/go-health/checkers/reachable.go:94.20,96.3 1 4
github.com/InVisionApp/go-health/checkers/reachable.go:99.16,101.3 1 2
github.com/InVisionApp/go-health/checkers/reachable.go:102.17,103.48 1 1
github.com/InVisionApp/go-health/checkers/reachable.go:103.48,105.4 1 1
github.com/InVisionApp/go-health/checkers/reachable.go:110.65,111.22 1 3
github.com/InVisionApp/go-health/checkers/reachable.go:114.2,114.17 1 3
github.com/InVisionApp/go-health/checkers/reachable.go:111.22,113.3 1 1
github.com/InVisionApp/go-health/checkers/sql.go:90.43,91.47 1 13
github.com/InVisionApp/go-health/checkers/sql.go:95.2,97.8 1 12
github.com/InVisionApp/go-health/checkers/sql.go:91.47,93.3 1 1
github.com/InVisionApp/go-health/checkers/sql.go:102.56,106.18 3 1
github.com/InVisionApp/go-health/checkers/sql.go:110.2,110.26 1 1
github.com/InVisionApp/go-health/checkers/sql.go:106.18,108.3 1 1
github.com/InVisionApp/go-health/checkers/sql.go:115.58,117.16 2 2
github.com/InVisionApp/go-health/checkers/sql.go:121.2,121.38 1 1
github.com/InVisionApp/go-health/checkers/sql.go:117.16,119.3 1 1
github.com/InVisionApp/go-health/checkers/sql.go:125.46,126.16 1 25
github.com/InVisionApp/go-health/checkers/sql.go:130.2,130.66 1 22
github.com/InVisionApp/go-health/checkers/sql.go:134.2,134.70 1 21
github.com/InVisionApp/go-health/checkers/sql.go:138.2,138.12 1 19
github.com/InVisionApp/go-health/checkers/sql.go:126.16,128.3 1 3
github.com/InVisionApp/go-health/checkers/sql.go:130.66,132.3 1 1
github.com/InVisionApp/go-health/checkers/sql.go:134.70,136.3 1 2
github.com/InVisionApp/go-health/checkers/sql.go:143.45,144.52 1 6
github.com/InVisionApp/go-health/checkers/sql.go:148.2,148.9 1 5
github.com/InVisionApp/go-health/checkers/sql.go:144.52,146.3 1 1
github.com/InVisionApp/go-health/checkers/sql.go:150.30,152.42 1 1
github.com/InVisionApp/go-health/checkers/sql.go:156.3,156.23 1 1
github.com/InVisionApp/go-health/checkers/sql.go:158.31,160.43 1 1
github.com/InVisionApp/go-health/checkers/sql.go:164.3,164.24 1 1
github.com/InVisionApp/go-health/checkers/sql.go:166.10,168.47 2 3
github.com/InVisionApp/go-health/checkers/sql.go:152.42,154.4 1 1
github.com/InVisionApp/go-health/checkers/sql.go:160.43,162.4 1 1
github.com/InVisionApp/go-health/checkers/sql.go:173.48,176.16 3 4
github.com/InVisionApp/go-health/checkers/sql.go:180.2,181.16 2 3
github.com/InVisionApp/go-health/checkers/sql.go:185.2,185.9 1 2
github.com/InVisionApp/go-health/checkers/sql.go:189.2,189.17 1 1
github.com/InVisionApp/go-health/checkers/sql.go:176.16,178.3 1 1
github.com/InVisionApp/go-health/checkers/sql.go:181.16,183.3 1 1
github.com/InVisionApp/go-health/checkers/sql.go:185.9,187.3 1 1
github.com/InVisionApp/go-health/checkers/sql.go:193.49,196.16 3 4
github.com/InVisionApp/go-health/checkers/sql.go:202.2,203.16 2 3
github.com/InVisionApp/go-health/checkers/sql.go:207.2,207.9 1 2
github.com/InVisionApp/go-health/checkers/sql.go:211.2,211.17 1 1
github.com/InVisionApp/go-health/checkers/sql.go:196.16,198.3 1 1
github.com/InVisionApp/go-health/checkers/sql.go:203.16,205.3 1 1
github.com/InVisionApp/go-health/checkers/sql.go:207.9,209.3 1 1
github.com/InVisionApp/go-health/checkers/http.go:50.46,51.16 1 9
github.com/InVisionApp/go-health/checkers/http.go:55.2,55.38 1 8
github.com/InVisionApp/go-health/checkers/http.go:59.2,61.8 1 7
github.com/InVisionApp/go-health/checkers/http.go:51.16,53.3 1 1
github.com/InVisionApp/go-health/checkers/http.go:55.38,57.3 1 1
github.com/InVisionApp/go-health/checkers/http.go:66.46,68.16 2 6
github.com/InVisionApp/go-health/checkers/http.go:71.2,74.44 2 5
github.com/InVisionApp/go-health/checkers/http.go:80.2,80.27 1 4
github.com/InVisionApp/go-health/checkers/http.go:92.2,92.17 1 2
github.com/InVisionApp/go-health/checkers/http.go:68.16,70.3 1 1
github.com/InVisionApp/go-health/checkers/http.go:74.44,77.3 1 1
github.com/InVisionApp/go-health/checkers/http.go:80.27,82.17 2 3
github.com/InVisionApp/go-health/checkers/http.go:86.3,86.55 1 2
github.com/InVisionApp/go-health/checkers/http.go:82.17,84.4 1 1
github.com/InVisionApp/go-health/checkers/http.go:86.55,89.4 1 1
github.com/InVisionApp/go-health/checkers/http.go:95.45,97.16 2 8
github.com/InVisionApp/go-health/checkers/http.go:101.2,102.16 2 7
github.com/InVisionApp/go-health/checkers/http.go:106.2,107.16 2 6
github.com/InVisionApp/go-health/checkers/http.go:111.2,111.18 1 5
github.com/InVisionApp/go-health/checkers/http.go:97.16,99.3 1 1
github.com/InVisionApp/go-health/checkers/http.go:102.16,104.3 1 1
github.com/InVisionApp/go-health/checkers/http.go:107.16,109.3 1 1
github.com/InVisionApp/go-health/checkers/http.go:114.38,115.18 1 11
github.com/InVisionApp/go-health/checkers/http.go:120.2,120.23 1 9
github.com/InVisionApp/go-health/checkers/http.go:125.2,125.20 1 9
github.com/InVisionApp/go-health/checkers/http.go:129.2,129.20 1 9
github.com/InVisionApp/go-health/checkers/http.go:133.2,133.21 1 9
github.com/InVisionApp/go-health/checkers/http.go:139.2,139.12 1 9
github.com/InVisionApp/go-health/checkers/http.go:115.18,117.3 1 2
github.com/InVisionApp/go-health/checkers/http.go:120.23,122.3 1 9
github.com/InVisionApp/go-health/checkers/http.go:125.20,127.3 1 9
github.com/InVisionApp/go-health/checkers/http.go:129.20,131.3 1 8
github.com/InVisionApp/go-health/checkers/http.go:133.21,135.3 1 7
github.com/InVisionApp/go-health/checkers/http.go:135.8,137.3 1 2
github.com/InVisionApp/go-health/checkers/http.go:142.53,143.14 1 13
github.com/InVisionApp/go-health/checkers/http.go:147.2,147.18 1 6
github.com/InVisionApp/go-health/checkers/http.go:143.14,145.3 1 7
github.com/InVisionApp/go-health/checkers/http.go:148.14,149.42 1 1
github.com/InVisionApp/go-health/checkers/http.go:150.14,151.50 1 2
github.com/InVisionApp/go-health/checkers/http.go:152.10,154.17 2 3
github.com/InVisionApp/go-health/checkers/http.go:158.3,158.34 1 1
github.com/InVisionApp/go-health/checkers/http.go:154.17,156.4 1 2
github.com/InVisionApp/go-health/checkers/disk/disk_usage.go:27.61,28.16 1 7
github.com/InVisionApp/go-health/checkers/disk/disk_usage.go:32.2,32.53 1 6
github.com/InVisionApp/go-health/checkers/disk/disk_usage.go:36.2,38.8 1 5
github.com/InVisionApp/go-health/checkers/disk/disk_usage.go:28.16,30.3 1 1
github.com/InVisionApp/go-health/checkers/disk/disk_usage.go:32.53,34.3 1 1
github.com/InVisionApp/go-health/checkers/disk/disk_usage.go:43.51,46.16 2 4
github.com/InVisionApp/go-health/checkers/disk/disk_usage.go:50.2,52.45 2 3
github.com/InVisionApp/go-health/checkers/disk/disk_usage.go:56.2,56.44 1 2
github.com/InVisionApp/go-health/checkers/disk/disk_usage.go:60.2,60.17 1 1
github.com/InVisionApp/go-health/checkers/disk/disk_usage.go:46.16,48.3 1 1
github.com/InVisionApp/go-health/checkers/disk/disk_usage.go:52.45,54.3 1 1
github.com/InVisionApp/go-health/checkers/disk/disk_usage.go:56.44,58.3 1 1
github.com/InVisionApp/go-health/checkers/disk/disk_usage.go:63.58,64.16 1 10
github.com/InVisionApp/go-health/checkers/disk/disk_usage.go:68.2,68.20 1 9
github.com/InVisionApp/go-health/checkers/disk/disk_usage.go:72.2,72.62 1 7
github.com/InVisionApp/go-health/checkers/disk/disk_usage.go:76.2,76.64 1 6
github.com/InVisionApp/go-health/checkers/disk/disk_usage.go:80.2,80.12 1 5
github.com/InVisionApp/go-health/checkers/disk/disk_usage.go:64.16,66.3 1 1
github.com/InVisionApp/go-health/checkers/disk/disk_usage.go:68.20,70.3 1 2
github.com/InVisionApp/go-health/checkers/disk/disk_usage.go:72.62,74.3 1 1
github.com/InVisionApp/go-health/checkers/disk/disk_usage.go:76.64,78.3 1 1
github.com/InVisionApp/go-health/checkers/memcache/memcached.go:72.61,74.53 1 2
github.com/InVisionApp/go-health/checkers/memcache/memcached.go:78.2,83.8 2 1
github.com/InVisionApp/go-health/checkers/memcache/memcached.go:74.53,76.3 1 1
github.com/InVisionApp/go-health/checkers/memcache/memcached.go:86.52,88.20 1 11
github.com/InVisionApp/go-health/checkers/memcache/memcached.go:94.2,94.26 1 9
github.com/InVisionApp/go-health/checkers/memcache/memcached.go:101.2,101.26 1 8
github.com/InVisionApp/go-health/checkers/memcache/memcached.go:121.2,121.17 1 5
github.com/InVisionApp/go-health/checkers/memcache/memcached.go:88.20,89.59 1 2
github.com/InVisionApp/go-health/checkers/memcache/memcached.go:89.59,91.4 1 2
github.com/InVisionApp/go-health/checkers/memcache/memcached.go:94.26,96.17 2 6
github.com/InVisionApp/go-health/checkers/memcache/memcached.go:96.17,98.4 1 1
github.com/InVisionApp/go-health/checkers/memcache/memcached.go:101.26,103.17 2 5
github.com/InVisionApp/go-health/checkers/memcache/memcached.go:113.3,113.34 1 3
github.com/InVisionApp/go-health/checkers/memcache/memcached.go:103.17,104.36 1 2
github.com/InVisionApp/go-health/checkers/memcache/memcached.go:104.36,105.41 1 1
github.com/InVisionApp/go-health/checkers/memcache/memcached.go:105.41,107.6 1 1
github.com/InVisionApp/go-health/checkers/memcache/memcached.go:108.10,110.5 1 1
github.com/InVisionApp/go-health/checkers/memcache/memcached.go:113.34,114.53 1 1
github.com/InVisionApp/go-health/checkers/memcache/memcached.go:114.53,117.5 1 1
github.com/InVisionApp/go-health/checkers/memcache/memcached.go:124.58,125.16 1 9
github.com/InVisionApp/go-health/checkers/memcache/memcached.go:129.2,129.19 1 7
github.com/InVisionApp/go-health/checkers/memcache/memcached.go:133.2,133.46 1 6
github.com/InVisionApp/go-health/checkers/memcache/memcached.go:138.2,138.51 1 5
github.com/InVisionApp/go-health/checkers/memcache/memcached.go:143.2,143.20 1 4
github.com/InVisionApp/go-health/checkers/memcache/memcached.go:154.2,154.20 1 3
github.com/InVisionApp/go-health/checkers/memcache/memcached.go:160.2,160.12 1 2
github.com/InVisionApp/go-health/checkers/memcache/memcached.go:125.16,127.3 1 2
github.com/InVisionApp/go-health/checkers/memcache/memcached.go:129.19,131.3 1 1
github.com/InVisionApp/go-health/checkers/memcache/memcached.go:133.46,135.3 1 1
github.com/InVisionApp/go-health/checkers/memcache/memcached.go:138.51,140.3 1 1
github.com/InVisionApp/go-health/checkers/memcache/memcached.go:143.20,144.24 1 1
github.com/InVisionApp/go-health/checkers/memcache/memcached.go:148.3,148.26 1 0
github.com/InVisionApp/go-health/checkers/memcache/memcached.go:144.24,146.4 1 1
github.com/InVisionApp/go-health/checkers/memcache/memcached.go:148.26,150.4 1 0
github.com/InVisionApp/go-health/checkers/memcache/memcached.go:154.20,155.24 1 2
github.com/InVisionApp/go-health/checkers/memcache/memcached.go:155.24,157.4 1 1
github.com/InVisionApp/go-health/checkers/memcache/memcached.go:168.63,170.2 1 14
github.com/InVisionApp/go-health/checkers/mongo/mongo.go:47.49,49.49 1 2
github.com/InVisionApp/go-health/checkers/mongo/mongo.go:53.2,54.16 2 1
github.com/InVisionApp/go-health/checkers/mongo/mongo.go:58.2,58.39 1 0
github.com/InVisionApp/go-health/checkers/mongo/mongo.go:62.2,65.8 1 0
github.com/InVisionApp/go-health/checkers/mongo/mongo.go:49.49,51.3 1 1
github.com/InVisionApp/go-health/checkers/mongo/mongo.go:54.16,56.3 1 1
github.com/InVisionApp/go-health/checkers/mongo/mongo.go:58.39,60.3 1 0
github.com/InVisionApp/go-health/checkers/mongo/mongo.go:68.47,69.19 1 0
github.com/InVisionApp/go-health/checkers/mongo/mongo.go:75.2,75.31 1 0
github.com/InVisionApp/go-health/checkers/mongo/mongo.go:85.2,85.17 1 0
github.com/InVisionApp/go-health/checkers/mongo/mongo.go:69.19,70.42 1 0
github.com/InVisionApp/go-health/checkers/mongo/mongo.go:70.42,72.4 1 0
github.com/InVisionApp/go-health/checkers/mongo/mongo.go:75.31,77.17 2 0
github.com/InVisionApp/go-health/checkers/mongo/mongo.go:80.3,80.50 1 0
github.com/InVisionApp/go-health/checkers/mongo/mongo.go:77.17,79.4 1 0
github.com/InVisionApp/go-health/checkers/mongo/mongo.go:80.50,82.4 1 0
github.com/InVisionApp/go-health/checkers/mongo/mongo.go:88.50,89.28 1 0
github.com/InVisionApp/go-health/checkers/mongo/mongo.go:94.2,94.14 1 0
github.com/InVisionApp/go-health/checkers/mongo/mongo.go:89.28,90.21 1 0
github.com/InVisionApp/go-health/checkers/mongo/mongo.go:90.21,92.4 1 0
github.com/InVisionApp/go-health/checkers/mongo/mongo.go:97.50,98.16 1 7
github.com/InVisionApp/go-health/checkers/mongo/mongo.go:102.2,102.21 1 5
github.com/InVisionApp/go-health/checkers/mongo/mongo.go:106.2,106.24 1 4
github.com/InVisionApp/go-health/checkers/mongo/mongo.go:110.2,110.54 1 3
github.com/InVisionApp/go-health/checkers/mongo/mongo.go:114.2,114.39 1 2
github.com/InVisionApp/go-health/checkers/mongo/mongo.go:118.2,118.26 1 1
github.com/InVisionApp/go-health/checkers/mongo/mongo.go:122.2,122.12 1 1
github.com/InVisionApp/go-health/checkers/mongo/mongo.go:98.16,100.3 1 2
github.com/InVisionApp/go-health/checkers/mongo/mongo.go:102.21,104.3 1 1
github.com/InVisionApp/go-health/checkers/mongo/mongo.go:106.24,108.3 1 1
github.com/InVisionApp/go-health/checkers/mongo/mongo.go:110.54,112.3 1 1
github.com/InVisionApp/go-health/checkers/mongo/mongo.go:114.39,116.3 1 1
github.com/InVisionApp/go-health/checkers/mongo/mongo.go:118.26,120.3 1 0
github.com/InVisionApp/go-health/checkers/redis/redis.go:84.49,86.49 1 12
github.com/InVisionApp/go-health/checkers/redis/redis.go:91.2,99.45 2 11
github.com/InVisionApp/go-health/checkers/redis/redis.go:103.2,106.8 1 10
github.com/InVisionApp/go-health/checkers/redis/redis.go:86.49,88.3 1 1
github.com/InVisionApp/go-health/checkers/redis/redis.go:99.45,101.3 1 1
github.com/InVisionApp/go-health/checkers/redis/redis.go:111.47,112.19 1 9
github.com/InVisionApp/go-health/checkers/redis/redis.go:118.2,118.25 1 8
github.com/InVisionApp/go-health/checkers/redis/redis.go:125.2,125.25 1 7
github.com/InVisionApp/go-health/checkers/redis/redis.go:145.2,145.17 1 4
github.com/InVisionApp/go-health/checkers/redis/redis.go:112.19,113.53 1 1
github.com/InVisionApp/go-health/checkers/redis/redis.go:113.53,115.4 1 1
github.com/InVisionApp/go-health/checkers/redis/redis.go:118.25,120.17 2 5
github.com/InVisionApp/go-health/checkers/redis/redis.go:120.17,122.4 1 1
github.com/InVisionApp/go-health/checkers/redis/redis.go:125.25,127.17 2 5
github.com/InVisionApp/go-health/checkers/redis/redis.go:137.3,137.32 1 3
github.com/InVisionApp/go-health/checkers/redis/redis.go:127.17,128.24 1 3
github.com/InVisionApp/go-health/checkers/redis/redis.go:128.24,129.40 1 2
github.com/InVisionApp/go-health/checkers/redis/redis.go:129.40,131.6 1 1
github.com/InVisionApp/go-health/checkers/redis/redis.go:132.10,134.5 1 1
github.com/InVisionApp/go-health/checkers/redis/redis.go:137.32,138.34 1 1
github.com/InVisionApp/go-health/checkers/redis/redis.go:138.34,141.5 1 1
github.com/InVisionApp/go-health/checkers/redis/redis.go:148.50,149.16 1 19
github.com/InVisionApp/go-health/checkers/redis/redis.go:153.2,153.21 1 17
github.com/InVisionApp/go-health/checkers/redis/redis.go:157.2,157.25 1 16
github.com/InVisionApp/go-health/checkers/redis/redis.go:162.2,162.51 1 15
github.com/InVisionApp/go-health/checkers/redis/redis.go:167.2,167.20 1 14
github.com/InVisionApp/go-health/checkers/redis/redis.go:178.2,178.20 1 13
github.com/InVisionApp/go-health/checkers/redis/redis.go:184.2,184.12 1 12
github.com/InVisionApp/go-health/checkers/redis/redis.go:149.16,151.3 1 2
github.com/InVisionApp/go-health/checkers/redis/redis.go:153.21,155.3 1 1
github.com/InVisionApp/go-health/checkers/redis/redis.go:157.25,159.3 1 1
github.com/InVisionApp/go-health/checkers/redis/redis.go:162.51,164.3 1 1
github.com/InVisionApp/go-health/checkers/redis/redis.go:167.20,168.24 1 7
github.com/InVisionApp/go-health/checkers/redis/redis.go:172.3,172.26 1 6
github.com/InVisionApp/go-health/checkers/redis/redis.go:168.24,170.4 1 1
github.com/InVisionApp/go-health/checkers/redis/redis.go:172.26,174.4 1 3
github.com/InVisionApp/go-health/checkers/redis/redis.go:178.20,179.24 1 6
github.com/InVisionApp/go-health/checkers/redis/redis.go:179.24,181.4 1 1
